A:\KGU\OOP\Debug\OOP.exe
A:\KGU\OOP\Debug\OOP.ilk
A:\KGU\OOP\Debug\OOP.pdb
A:\KGU\OOP\OOP\Debug\Camera.obj
A:\KGU\OOP\OOP\Debug\cl.command.1.tlog
A:\KGU\OOP\OOP\Debug\CL.read.1.tlog
A:\KGU\OOP\OOP\Debug\CL.write.1.tlog
A:\KGU\OOP\OOP\Debug\Equipment.obj
A:\KGU\OOP\OOP\Debug\FireAlarm.obj
A:\KGU\OOP\OOP\Debug\Floor.obj
A:\KGU\OOP\OOP\Debug\link.11180.read.1.tlog
A:\KGU\OOP\OOP\Debug\link.11180.write.1.tlog
A:\KGU\OOP\OOP\Debug\link.11180-cvtres.read.1.tlog
A:\KGU\OOP\OOP\Debug\link.11180-cvtres.write.1.tlog
A:\KGU\OOP\OOP\Debug\link.12252.read.1.tlog
A:\KGU\OOP\OOP\Debug\link.12252.write.1.tlog
A:\KGU\OOP\OOP\Debug\link.12252-cvtres.read.1.tlog
A:\KGU\OOP\OOP\Debug\link.12252-cvtres.write.1.tlog
A:\KGU\OOP\OOP\Debug\link.13664.read.1.tlog
A:\KGU\OOP\OOP\Debug\link.13664.write.1.tlog
A:\KGU\OOP\OOP\Debug\link.13664-cvtres.read.1.tlog
A:\KGU\OOP\OOP\Debug\link.13664-cvtres.write.1.tlog
A:\KGU\OOP\OOP\Debug\link.3376.read.1.tlog
A:\KGU\OOP\OOP\Debug\link.3376.write.1.tlog
A:\KGU\OOP\OOP\Debug\link.3376-cvtres.read.1.tlog
A:\KGU\OOP\OOP\Debug\link.3376-cvtres.write.1.tlog
A:\KGU\OOP\OOP\Debug\link.5736.read.1.tlog
A:\KGU\OOP\OOP\Debug\link.5736.write.1.tlog
A:\KGU\OOP\OOP\Debug\link.5736-cvtres.read.1.tlog
A:\KGU\OOP\OOP\Debug\link.5736-cvtres.write.1.tlog
A:\KGU\OOP\OOP\Debug\link.5808.read.1.tlog
A:\KGU\OOP\OOP\Debug\link.5808.write.1.tlog
A:\KGU\OOP\OOP\Debug\link.5808-cvtres.read.1.tlog
A:\KGU\OOP\OOP\Debug\link.5808-cvtres.write.1.tlog
A:\KGU\OOP\OOP\Debug\link.7352.read.1.tlog
A:\KGU\OOP\OOP\Debug\link.7352.write.1.tlog
A:\KGU\OOP\OOP\Debug\link.7352-cvtres.read.1.tlog
A:\KGU\OOP\OOP\Debug\link.7352-cvtres.write.1.tlog
A:\KGU\OOP\OOP\Debug\link.7812.read.1.tlog
A:\KGU\OOP\OOP\Debug\link.7812.write.1.tlog
A:\KGU\OOP\OOP\Debug\link.7812-cvtres.read.1.tlog
A:\KGU\OOP\OOP\Debug\link.7812-cvtres.write.1.tlog
A:\KGU\OOP\OOP\Debug\link.9140.read.1.tlog
A:\KGU\OOP\OOP\Debug\link.9140.write.1.tlog
A:\KGU\OOP\OOP\Debug\link.9140-cvtres.read.1.tlog
A:\KGU\OOP\OOP\Debug\link.9140-cvtres.write.1.tlog
A:\KGU\OOP\OOP\Debug\link.command.1.tlog
A:\KGU\OOP\OOP\Debug\link.read.1.tlog
A:\KGU\OOP\OOP\Debug\link.write.1.tlog
A:\KGU\OOP\OOP\Debug\link-cvtres.read.1.tlog
A:\KGU\OOP\OOP\Debug\link-cvtres.write.1.tlog
A:\KGU\OOP\OOP\Debug\LogOfVisits.obj
A:\KGU\OOP\OOP\Debug\Main.obj
A:\KGU\OOP\OOP\Debug\mt.command.1.tlog
A:\KGU\OOP\OOP\Debug\mt.read.1.tlog
A:\KGU\OOP\OOP\Debug\mt.write.1.tlog
A:\KGU\OOP\OOP\Debug\OOP.exe.embed.manifest
A:\KGU\OOP\OOP\Debug\OOP.exe.embed.manifest.res
A:\KGU\OOP\OOP\Debug\OOP.exe.intermediate.manifest
A:\KGU\OOP\OOP\Debug\OOP.obj
A:\KGU\OOP\OOP\Debug\OOP.vcxprojResolveAssemblyReference.cache
A:\KGU\OOP\OOP\Debug\OOP.write.1.tlog
A:\KGU\OOP\OOP\Debug\OOP_manifest.rc
A:\KGU\OOP\OOP\Debug\Person.obj
A:\KGU\OOP\OOP\Debug\rc.command.1.tlog
A:\KGU\OOP\OOP\Debug\rc.read.1.tlog
A:\KGU\OOP\OOP\Debug\rc.write.1.tlog
A:\KGU\OOP\OOP\Debug\Room.obj
A:\KGU\OOP\OOP\Debug\vc100.idb
A:\KGU\OOP\OOP\DEBUG\VC100.PDB
E:\ООП\OOP\DEBUG\OOP.EXE
E:\ООП\OOP\DEBUG\OOP.ILK
E:\ООП\OOP\DEBUG\OOP.PDB
E:\ООП\OOP\OOP\DEBUG\CAMERA.OBJ
E:\ООП\OOP\OOP\DEBUG\EQUIPMENT.OBJ
E:\ООП\OOP\OOP\DEBUG\FIREALARM.OBJ
E:\ООП\OOP\OOP\DEBUG\FLOOR.OBJ
E:\ООП\OOP\OOP\DEBUG\LOGOFVISITS.OBJ
E:\ООП\OOP\OOP\DEBUG\MAIN.OBJ
E:\ООП\OOP\OOP\DEBUG\OOP.EXE.EMBED.MANIFEST
E:\ООП\OOP\OOP\DEBUG\OOP.EXE.EMBED.MANIFEST.RES
E:\ООП\OOP\OOP\DEBUG\OOP.EXE.INTERMEDIATE.MANIFEST
E:\ООП\OOP\OOP\DEBUG\OOP.PCH
E:\ООП\OOP\OOP\DEBUG\PERSON.OBJ
E:\ООП\OOP\OOP\DEBUG\ROOM.OBJ
E:\ООП\OOP\OOP\DEBUG\STDAFX.OBJ
E:\ООП\OOP\OOP\DEBUG\VC100.PDB
F:\ООП\OOP\OOP\DEBUG\CAMERA.OBJ
F:\ООП\OOP\OOP\DEBUG\EQUIPMENT.OBJ
F:\ООП\OOP\OOP\DEBUG\FLOOR.OBJ
F:\ООП\OOP\OOP\DEBUG\MAIN.OBJ
F:\ООП\OOP\OOP\DEBUG\OOP.EXE.EMBED.MANIFEST
F:\ООП\OOP\OOP\DEBUG\OOP.EXE.EMBED.MANIFEST.RES
F:\ООП\OOP\OOP\DEBUG\OOP.PCH
F:\ООП\OOP\OOP\DEBUG\PERSON.OBJ
F:\ООП\OOP\OOP\DEBUG\ROOM.OBJ
F:\ООП\OOP\OOP\DEBUG\STDAFX.OBJ
F:\ООП\OOP\OOP\DEBUG\VC100.PDB
